<?xml version="1.0" encoding="UTF-8"?>
<!-- Generated by org.testng.reporters.JUnitReportReporter -->
<testsuite skipped="0" hostname="LAPTOP-O9E931T1" name="com.FetchingJsonData.Sample2Test" tests="1" failures="0" timestamp="07 Sep 2021 11:37:07 GMT" time="6.914" errors="0">
  <testcase name="selectAllCheckBox" time="6.914" classname="com.FetchingJsonData.Sample2Test"/>
</testsuite> <!-- com.FetchingJsonData.Sample2Test -->
