<?xml version="1.0" encoding="UTF-8"?>
<!-- Generated by org.testng.reporters.JUnitReportReporter -->
<testsuite skipped="0" hostname="LAPTOP-O9E931T1" name="org.vtiger.webtables.DeleteRow" tests="1" failures="0" timestamp="08 Sep 2021 02:09:02 GMT" time="9.277" errors="0">
  <testcase name="deleteRow" time="9.277" classname="org.vtiger.webtables.DeleteRow"/>
</testsuite> <!-- org.vtiger.webtables.DeleteRow -->
