<?xml version="1.0" encoding="UTF-8"?>
<!-- Generated by org.testng.reporters.JUnitReportReporter -->
<testsuite skipped="0" hostname="LAPTOP-O9E931T1" name="com.crm.VtigerTestCases.TC_11_creatNewLeadByGivingValidInputToAnnualRevenueTest" tests="1" failures="0" timestamp="17 Sep 2021 06:56:24 GMT" time="21.596" errors="0">
  <testcase name="creatNewLeadByGivingValidInputToAnnualRevenueTest" time="21.596" classname="com.crm.VtigerTestCases.TC_11_creatNewLeadByGivingValidInputToAnnualRevenueTest"/>
</testsuite> <!-- com.crm.VtigerTestCases.TC_11_creatNewLeadByGivingValidInputToAnnualRevenueTest -->
