<?xml version="1.0" encoding="UTF-8"?>
<!-- Generated by org.testng.reporters.JUnitReportReporter -->
<testsuite skipped="0" hostname="LAPTOP-O9E931T1" name="com.FetchFromXML.ReadFromXML" tests="1" failures="0" timestamp="08 Sep 2021 04:48:04 GMT" time="0.014" errors="0">
  <testcase name="ReadXML" time="0.014" classname="com.FetchFromXML.ReadFromXML"/>
</testsuite> <!-- com.FetchFromXML.ReadFromXML -->
