<?xml version="1.0" encoding="UTF-8"?>
<!-- Generated by org.testng.reporters.JUnitReportReporter -->
<testsuite skipped="0" hostname="LAPTOP-O9E931T1" name="org.vtiger.selectcheckboxes.Select5thOne" tests="1" failures="0" timestamp="07 Sep 2021 12:04:01 GMT" time="6.602" errors="0">
  <testcase name="select5thOne" time="6.602" classname="org.vtiger.selectcheckboxes.Select5thOne"/>
</testsuite> <!-- org.vtiger.selectcheckboxes.Select5thOne -->
