<?xml version="1.0" encoding="UTF-8"?>
<!-- Generated by org.testng.reporters.JUnitReportReporter -->
<testsuite skipped="0" hostname="LAPTOP-O9E931T1" name="com.FetchingJsonData.SelectCheckBoxes" tests="1" failures="0" timestamp="07 Sep 2021 11:43:22 GMT" time="6.894" errors="0">
  <testcase name="selectAllCheckBox" time="6.894" classname="com.FetchingJsonData.SelectCheckBoxes"/>
</testsuite> <!-- com.FetchingJsonData.SelectCheckBoxes -->
