<?xml version="1.0" encoding="UTF-8"?>
<!-- Generated by org.testng.reporters.JUnitReportReporter -->
<testsuite skipped="0" hostname="LAPTOP-O9E931T1" name="Sample2Test" tests="3" failures="0" timestamp="15 Sep 2021 18:44:23 GMT" time="28.869" errors="0">
  <testcase name="SampleExcelTestDatapractice" time="10.365" classname="Sample2Test"/>
  <testcase name="SampleExcelTestDatapractice" time="9.282" classname="Sample2Test"/>
  <testcase name="SampleExcelTestDatapractice" time="9.222" classname="Sample2Test"/>
</testsuite> <!-- Sample2Test -->
