<?xml version="1.0" encoding="UTF-8"?>
<!-- Generated by org.testng.reporters.JUnitReportReporter -->
<testsuite skipped="0" hostname="LAPTOP-O9E931T1" name="HoverMsgCapture" tests="1" failures="0" timestamp="17 Sep 2021 05:06:22 GMT" time="10.740" errors="0">
  <testcase name="hoverMsgCapture" time="10.740" classname="HoverMsgCapture"/>
</testsuite> <!-- HoverMsgCapture -->
