<?xml version="1.0" encoding="UTF-8"?>
<!-- Generated by org.testng.reporters.JUnitReportReporter -->
<testsuite skipped="0" hostname="LAPTOP-O9E931T1" name="com.crm.VtigerTestCases.TC_15_creatNewLeadByGivingValidInputToEmailAndSecondaryEmailTest" tests="1" failures="0" timestamp="17 Sep 2021 06:56:24 GMT" time="8.180" errors="0">
  <testcase name="creatNewLeadByGivingValidInputToNoOfEmployeeTest" time="8.180" classname="com.crm.VtigerTestCases.TC_15_creatNewLeadByGivingValidInputToEmailAndSecondaryEmailTest"/>
</testsuite> <!-- com.crm.VtigerTestCases.TC_15_creatNewLeadByGivingValidInputToEmailAndSecondaryEmailTest -->
