<?xml version="1.0" encoding="UTF-8"?>
<!-- Generated by org.testng.reporters.JUnitReportReporter -->
<testsuite skipped="0" hostname="LAPTOP-O9E931T1" name="com.crm.genericUtility.ReadFromXml" tests="1" failures="0" timestamp="07 Sep 2021 09:33:58 GMT" time="0.008" errors="0">
  <testcase name="readXml" time="0.008" classname="com.crm.genericUtility.ReadFromXml"/>
</testsuite> <!-- com.crm.genericUtility.ReadFromXml -->
