<?xml version="1.0" encoding="UTF-8"?>
<!-- Generated by org.testng.reporters.JUnitReportReporter -->
<testsuite skipped="0" hostname="LAPTOP-O9E931T1" name="com.crm.VtigerTestCases.TC_14_creatNewLeadByGivingInvalidInputToNoOfEmployeeTest" tests="1" failures="0" timestamp="17 Sep 2021 06:56:24 GMT" time="6.261" errors="0">
  <testcase name="creatNewLeadByGivingValidInputToNoOfEmployeeTest" time="6.261" classname="com.crm.VtigerTestCases.TC_14_creatNewLeadByGivingInvalidInputToNoOfEmployeeTest"/>
</testsuite> <!-- com.crm.VtigerTestCases.TC_14_creatNewLeadByGivingInvalidInputToNoOfEmployeeTest -->
