<?xml version="1.0" encoding="UTF-8"?>
<!-- Generated by org.testng.reporters.JUnitReportReporter -->
<testsuite skipped="0" hostname="LAPTOP-O9E931T1" name="com.crm.VtigerTestCases.TC_02_CreateContactwithOrganization" tests="1" failures="0" timestamp="12 Sep 2021 12:00:09 GMT" time="12.587" errors="0">
  <testcase name="CreateContactwithOrganization" time="12.587" classname="com.crm.VtigerTestCases.TC_02_CreateContactwithOrganization"/>
</testsuite> <!-- com.crm.VtigerTestCases.TC_02_CreateContactwithOrganization -->
