<?xml version="1.0" encoding="UTF-8"?>
<!-- Generated by org.testng.reporters.JUnitXMLReporter -->
<testsuite hostname="LAPTOP-O9E931T1" ignored="2" name="Test-2" tests="2" failures="0" timestamp="15 Sep 2021 07:51:34 GMT" time="32.01" errors="0">
  <testcase name="creatNewLeadByGivingInvalidInputToAnnualRevenueTest" time="5.79" classname="com.crm.VtigerTestCases.TC_12_creatNewLeadByGivingInvalidInputToAnnualRevenueTest"/>
  <testcase name="creatNewLeadByGivingValidInputToNoOfEmployeeTest" time="6.214" classname="com.crm.VtigerTestCases.TC_14_creatNewLeadByGivingInvalidInputToNoOfEmployeeTest"/>
  <testcase name="@AfterSuite closeDB" time="0.0" classname="com.crm.Vtiger.GenericUtilities.BaseClass">
    <ignored/>
  </testcase> <!-- @AfterSuite closeDB -->
  <testcase name="@BeforeSuite connectToDB" time="0.0" classname="com.crm.Vtiger.GenericUtilities.BaseClass">
    <ignored/>
  </testcase> <!-- @BeforeSuite connectToDB -->
</testsuite> <!-- Test-2 -->
