<?xml version="1.0" encoding="UTF-8"?>
<!-- Generated by org.testng.reporters.JUnitXMLReporter -->
<testsuite hostname="LAPTOP-O9E931T1" ignored="2" name="Test-1" tests="2" failures="0" timestamp="15 Sep 2021 07:51:32 GMT" time="30.08" errors="0">
  <testcase name="creatNewLeadByGivingValidInputToAnnualRevenueTest" time="8.673" classname="com.crm.VtigerTestCases.TC_11_creatNewLeadByGivingValidInputToAnnualRevenueTest"/>
  <testcase name="creatNewLeadByGivingValidInputToNoOfEmployeeTest" time="8.597" classname="com.crm.VtigerTestCases.TC_13_creatNewLeadByGivingValidInputToNoOfEmployeeTest"/>
  <testcase name="@AfterSuite closeDB" time="0.0" classname="com.crm.Vtiger.GenericUtilities.BaseClass">
    <ignored/>
  </testcase> <!-- @AfterSuite closeDB -->
  <testcase name="@BeforeSuite connectToDB" time="0.0" classname="com.crm.Vtiger.GenericUtilities.BaseClass">
    <ignored/>
  </testcase> <!-- @BeforeSuite connectToDB -->
</testsuite> <!-- Test-1 -->
